Arguments: 
  C:\Program Files\nodejs\node.exe C:\Users\NONSO\AppData\Roaming\npm\node_modules\yarn\bin\yarn.js

PATH: 
  C:\Users\NONSO\Downloads\cmder\vendor\bin;C:\Users\NONSO\Downloads\cmder\vendor\conemu-maximus5\ConEmu\Scripts;C:\Users\NONSO\Downloads\cmder\vendor\conemu-maximus5;C:\Users\NONSO\Downloads\cmder\vendor\conemu-maximus5\ConEmu;C:\Python39\Scripts\;C:\Python39\;C:\Windows\system32;C:\Windows;C:\Windows\System32\Wbem;C:\Windows\System32\WindowsPowerShell\v1.0\;C:\Windows\System32\OpenSSH\;C:\ProgramData\chocolatey\bin;C:\Program Files\Git\cmd;C:\Program Files\nodejs\;C:\xampp\php\;C:\ProgramData\ComposerSetup\bin;C:\Users\NONSO\AppData\Roaming\npm;C:\Users\NONSO\AppData\Local\Microsoft\WindowsApps;C:\Users\NONSO\AppData\Local\Programs\Microsoft VS Code\bin;C:\Users\NONSO\AppData\Roaming\npm;C:\Users\NONSO\AppData\Local\GitHubDesktop\bin;C:\Users\NONSO\AppData\Roaming\Composer\vendor\bin;C:\Program Files\heroku\bin;C:\Program Files\JetBrains\PyCharm Community Edition 2021.1.1\bin;C:\Program Files\Git\mingw64\bin;C:\Program Files\Git\usr\bin;C:\Users\NONSO\Downloads\cmder

Yarn version: 
  1.22.10

Node version: 
  14.15.1

Platform: 
  win32 x64

Trace: 
  Error: getaddrinfo ENOTFOUND registry.yarnpkg.com
      at GetAddrInfoReqWrap.onlookup [as oncomplete] (dns.js:67:26)

npm manifest: 
  {
    "name": "clique",
    "version": "0.0.0",
    "scripts": {
      "dev": "vite",
      "build": "vite build",
      "serve": "vite preview"
    },
    "dependencies": {
      "vue": "^3.2.16",
      "vue-router": "^4.0.11"
    },
    "devDependencies": {
      "@vitejs/plugin-vue": "^1.9.2",
      "autoprefixer": "^10.3.6",
      "eslint": "^7.32.0",
      "eslint-config-prettier": "^8.3.0",
      "eslint-plugin-vue": "^7.18.0",
      "postcss": "^8.3.8",
      "prettier": "^2.4.1",
      "tailwindcss": "^2.2.16",
      "vite": "^2.6.0"
    }
  }

yarn manifest: 
  No manifest

Lockfile: 
  No lockfile
